2019-03-20 21:19:28,723 [main] INFO - 初始化[数据库映射:orm]开始...
2019-03-20 21:19:28,771 [main] INFO - 初始化[数据库映射:orm]完成!!!

2019-03-20 21:19:28,772 [main] INFO - 系统[OssDownload]-版本[V1.0]初始化完成!!!

2019-03-20 21:39:08,938 [main] INFO - 初始化[数据库映射:orm]开始...
2019-03-20 21:39:09,127 [main] INFO - 初始化[数据库映射:orm]完成!!!

2019-03-20 21:39:09,128 [main] INFO - 初始化[数据库映射:oss]开始...
2019-03-20 21:40:44,381 [main] INFO - 初始化[数据库映射:orm]开始...
2019-03-20 21:40:44,563 [main] INFO - 初始化[数据库映射:orm]完成!!!

2019-03-20 21:40:44,565 [main] INFO - 初始化[数据库映射:oss]开始...
2019-03-20 21:42:16,291 [main] INFO - 初始化[数据库映射:orm]开始...
2019-03-20 21:42:16,475 [main] INFO - 初始化[数据库映射:orm]完成!!!

2019-03-20 21:42:16,476 [main] INFO - 初始化[数据库映射:oss]开始...
2019-03-20 21:44:44,341 [main] INFO - 初始化[数据库映射:orm]开始...
2019-03-20 21:46:04,945 [main] INFO - 初始化[数据库映射:orm]完成!!!

2019-03-20 21:46:15,064 [main] INFO - 初始化[数据库映射:oss]开始...
2019-03-20 21:46:30,659 [main] INFO - 初始化[数据库映射:orm]开始...
2019-03-20 21:46:30,877 [main] INFO - 初始化[数据库映射:orm]完成!!!

2019-03-20 21:46:38,025 [main] INFO - 初始化[数据库映射:oss]开始...
2019-03-20 21:47:51,882 [main] INFO - 初始化[数据库映射:orm]开始...
2019-03-20 21:47:52,128 [main] INFO - 初始化[数据库映射:orm]完成!!!

2019-03-20 21:48:54,472 [main] INFO - 初始化[数据库映射:orm]开始...
2019-03-20 21:48:54,657 [main] INFO - 初始化[数据库映射:orm]完成!!!

2019-03-20 21:49:51,066 [main] INFO - 初始化[数据库映射:orm]开始...
2019-03-20 21:49:51,249 [main] INFO - 初始化[数据库映射:orm]完成!!!

2019-03-20 21:53:21,644 [main] INFO - 初始化[数据库映射:orm]开始...
2019-03-20 21:53:21,847 [main] INFO - 初始化[数据库映射:orm]完成!!!

2019-03-20 22:00:56,544 [main] INFO - 初始化[数据库映射:orm]开始...
2019-03-20 22:00:56,727 [main] INFO - 初始化[数据库映射:orm]完成!!!

2019-03-20 22:08:31,053 [main] INFO - 初始化[数据库映射:orm]开始...
2019-03-20 22:08:31,234 [main] INFO - 初始化[数据库映射:orm]完成!!!

2019-03-20 22:09:10,572 [main] INFO - 初始化[数据库映射:orm]开始...
2019-03-20 22:09:10,753 [main] INFO - 初始化[数据库映射:orm]完成!!!

2019-03-20 22:11:44,892 [main] INFO - 初始化[数据库映射:orm]开始...
2019-03-20 22:11:45,071 [main] INFO - 初始化[数据库映射:orm]完成!!!

2019-03-20 22:16:55,124 [main] INFO - 初始化[数据库映射:orm]开始...
2019-03-20 22:16:55,344 [main] INFO - 初始化[数据库映射:orm]完成!!!

2019-03-20 22:26:34,491 [main] INFO - 初始化[数据库映射:orm]开始...
2019-03-20 22:26:34,679 [main] INFO - 初始化[数据库映射:orm]完成!!!

2019-03-20 22:26:35,990 [main] INFO - 创建表[OSS_FILE]成功
2019-03-20 22:40:13,780 [main] INFO - 初始化[数据库映射:orm]开始...
2019-03-20 22:40:13,980 [main] INFO - 初始化[数据库映射:orm]完成!!!

2019-03-20 22:44:24,163 [main] INFO - 初始化[数据库映射:orm]开始...
2019-03-20 22:44:24,349 [main] INFO - 初始化[数据库映射:orm]完成!!!

2019-03-20 22:44:57,308 [main] INFO - 初始化[数据库映射:orm]开始...
2019-03-20 22:44:57,489 [main] INFO - 初始化[数据库映射:orm]完成!!!

2019-03-20 22:46:25,333 [main] INFO - 初始化[数据库映射:orm]开始...
2019-03-20 22:46:25,515 [main] INFO - 初始化[数据库映射:orm]完成!!!

2019-03-20 22:48:34,607 [main] INFO - 初始化[数据库映射:orm]开始...
2019-03-20 22:48:34,796 [main] INFO - 初始化[数据库映射:orm]完成!!!

2019-03-20 22:49:06,122 [main] INFO - 初始化[数据库映射:orm]开始...
2019-03-20 22:49:06,313 [main] INFO - 初始化[数据库映射:orm]完成!!!

